Temp/gradleOut/launcher/build/outputs/mapping/release/seeds.txt
com.google.android.gms.ads.internal.zzi
com.google.android.gms.ads.internal.zzi: zzi(android.content.Context,com.google.android.gms.internal.ads.zzcct)
com.google.android.gms.ads.internal.zzi: java.lang.String zzj(android.content.Context)
com.google.android.gms.ads.internal.zzi: java.lang.String zzi(android.content.Context,android.view.View,android.app.Activity)
com.google.android.gms.ads.internal.zzi: java.lang.String zzg(android.content.Context,java.lang.String,android.view.View)
com.google.android.gms.ads.internal.zzi: java.lang.String zzf(android.content.Context,java.lang.String,android.view.View,android.app.Activity)
com.google.android.gms.ads.internal.zzi: void zzh(android.view.View)
com.google.android.gms.ads.internal.zzi: void zzd(android.view.MotionEvent)
com.google.android.gms.ads.internal.zzi: void zze(int,int,int)
com.google.android.gms.ads.internal.zzi: void run()
com.google.android.gms.ads.internal.zzj
com.google.android.gms.ads.internal.zzj: android.os.Parcelable$Creator CREATOR
com.google.android.gms.ads.internal.zzj: boolean zza
com.google.android.gms.ads.internal.zzj: boolean zzb
com.google.android.gms.ads.internal.zzj: java.lang.String zzc
com.google.android.gms.ads.internal.zzj: boolean zzd
com.google.android.gms.ads.internal.zzj: float zze
com.google.android.gms.ads.internal.zzj: int zzf
com.google.android.gms.ads.internal.zzj: boolean zzg
com.google.android.gms.ads.internal.zzj: boolean zzh
com.google.android.gms.ads.internal.zzj: boolean zzi
com.google.android.gms.ads.internal.zzj: zzj(boolean,boolean,boolean,float,int,boolean,boolean,boolean)
com.google.android.gms.ads.internal.zzj: void writeToParcel(android.os.Parcel,int)
com.google.android.gms.ads.internal.zzk
com.google.android.gms.ads.internal.zzk: zzk()
com.google.android.gms.ads.internal.zzk: java.lang.Object[] newArray(int)
com.google.android.gms.ads.internal.zzk: java.lang.Object createFromParcel(android.os.Parcel)
com.google.android.gms.ads.internal.zzl
com.google.android.gms.ads.internal.zzl: void zzbv()
com.google.android.gms.ads.internal.zzl: void zzbw()
com.google.android.gms.ads.internal.zzm
com.google.android.gms.ads.internal.zzm: boolean shouldOverrideUrlLoading(android.webkit.WebView,java.lang.String)
com.google.android.gms.ads.internal.zzm: void onReceivedError(android.webkit.WebView,android.webkit.WebResourceRequest,android.webkit.WebResourceError)
com.google.android.gms.ads.internal.zzn
com.google.android.gms.ads.internal.zzn: boolean onTouch(android.view.View,android.view.MotionEvent)
com.google.android.gms.ads.internal.zzo
com.google.android.gms.ads.internal.zzo: java.lang.Object call()
com.google.android.gms.ads.internal.zzp
com.google.android.gms.ads.internal.zzq
com.google.android.gms.ads.internal.zzq: zzq(android.content.Context,java.lang.String)
com.google.android.gms.ads.internal.zzq: java.lang.String zza()
com.google.android.gms.ads.internal.zzq: java.lang.String zzb()
com.google.android.gms.ads.internal.zzq: java.lang.String zzc()
com.google.android.gms.ads.internal.zzq: java.util.Map zzd()
com.google.android.gms.ads.internal.zzq: void zze(com.google.android.gms.internal.ads.zzazs,com.google.android.gms.internal.ads.zzcct)