Temp/gradleOut/launcher/build/outputs/mapping/release/usage.txt
com.google.android.gms.common.stats.zza
com.google.android.gms.common.util.AndroidUtilsLight
com.google.android.gms.common.util.ArrayUtils:
    1:1:public static boolean contains(int[],int)
    1:1:public static java.lang.Integer[] toWrapperArray(int[])
    private ArrayUtils()
    13:15:public static void writeArray(java.lang.StringBuilder,java.lang.Object[])
    7:9:public static void writeArray(java.lang.StringBuilder,int[])
    10:12:public static void writeArray(java.lang.StringBuilder,long[])
    4:6:public static void writeArray(java.lang.StringBuilder,float[])
    1:3:public static void writeArray(java.lang.StringBuilder,double[])
    16:18:public static void writeArray(java.lang.StringBuilder,boolean[])
    1:3:public static void writeStringArray(java.lang.StringBuilder,java.lang.String[])
    1:9:public static varargs java.lang.Object[] concat(java.lang.Object[][])
    1:8:public static varargs byte[] concatByteArrays(byte[][])
    1:4:public static java.lang.Object[] appendToArray(java.lang.Object[],java.lang.Object)
    1:9:public static varargs java.lang.Object[] removeAll(java.lang.Object[],java.lang.Object[])
    1:1:public static java.util.ArrayList newArrayList()
    1:3:public static java.util.ArrayList toArrayList(java.lang.Object[])
    1:4:public static int[] toPrimitiveArray(java.util.Collection)
com.google.android.gms.common.util.Base64Utils:
    public Base64Utils()
    1:1:public static byte[] decode(java.lang.String)
    1:1:public static byte[] decodeUrlSafe(java.lang.String)
    1:1:public static byte[] decodeUrlSafeNoPadding(java.lang.String)
    1:1:public static java.lang.String encodeUrlSafe(byte[])
    1:1:public static java.lang.String encodeUrlSafeNoPadding(byte[])
com.google.android.gms.common.util.BiConsumer
com.google.android.gms.common.util.ClientLibraryUtils:
    private ClientLibraryUtils()
    1:5:public static int getClientVersion(android.content.Context,java.lang.String)
com.google.android.gms.common.util.Clock:
    public abstract long currentThreadTimeMillis()
com.google.android.gms.common.util.Clock$$CC
com.google.android.gms.common.util.CollectionUtils:
    private CollectionUtils()
    1:1:public static boolean isEmpty(java.util.Collection)
    1:1:public static java.util.List listOf()
    2:2:public static java.util.List listOf(java.lang.Object)
    3:6:public static varargs java.util.List listOf(java.lang.Object[])
    1:2:public static java.util.Set mutableSetOfWithSize(int)
    6:13:public static java.util.Map mapOf(java.lang.Object,java.lang.Object,java.lang.Object,java.lang.Object,java.lang.Object,java.lang.Object,java.lang.Object,java.lang.Object,java.lang.Object,java.lang.Object,java.lang.Object,java.lang.Object)
com.google.android.gms.common.util.CrashUtils:
    public CrashUtils()
com.google.android.gms.common.util.DataUtils
com.google.android.gms.common.util.DefaultClock:
    1:1:public final long currentThreadTimeMillis()
com.google.android.gms.common.util.DeviceProperties:
    private static java.lang.Boolean zza
    private static java.lang.Boolean zzb
    private static java.lang.Boolean zzg
    private static java.lang.Boolean zzh
    private DeviceProperties()
    1:7:public static boolean isTablet(android.content.res.Resources)
    public static boolean isFeaturePhone(android.content.Context)
    1:1:public static boolean isAuto(android.content.Context)
    2:3:public static boolean isAuto(android.content.pm.PackageManager)
    1:1:public static boolean isTv(android.content.Context)
    2:5:public static boolean isTv(android.content.pm.PackageManager)
    1:2:public static boolean isUserBuild()
com.google.android.gms.common.util.GmsVersion
com.google.android.gms.common.util.Hex:
    public Hex()
    1:1:public static java.lang.String bytesToStringUppercase(byte[])
    2:7:public static java.lang.String bytesToStringUppercase(byte[],boolean)
com.google.android.gms.common.util.HexDumpUtils
com.google.android.gms.common.util.HttpUtils